<?xml version="1.0" encoding="UTF-8"?>
<!-- Generated by org.testng.reporters.JUnitReportReporter -->
<testsuite hostname="lsinbrvina2" failures="0" tests="1" name="com.herokuapp.theinternet.PositiveTest" time="26.661" errors="0" timestamp="01 May 2022 17:04:05 GMT" skipped="0">
  <testcase classname="com.herokuapp.theinternet.PositiveTest" name="FirefoxTest" time="26.661"/>
</testsuite> <!-- com.herokuapp.theinternet.PositiveTest -->
